<?xml version="1.0" encoding="UTF-8"?>
<testsuite xmlns:xsi="http://www.w3.org/2001/XMLSchema-instance" xsi:noNamespaceSchemaLocation="https://maven.apache.org/surefire/maven-surefire-plugin/xsd/surefire-test-report.xsd" name="com.lowagie.toolbox.plugins.watermarker.WatermarkerToolTest" time="0" tests="0" errors="0" skipped="0" failures="0">
  <properties>
    <property name="sun.desktop" value="windows"/>
    <property name="awt.toolkit" value="sun.awt.windows.WToolkit"/>
    <property name="java.specification.version" value="11"/>
    <property name="sun.cpu.isalist" value="amd64"/>
    <property name="sun.jnu.encoding" value="Cp1252"/>
    <property name="java.class.path" value="D:\a\OpenPDF\OpenPDF\pdf-toolbox\target\test-classes;D:\a\OpenPDF\OpenPDF\pdf-toolbox\target\classes;D:\a\OpenPDF\OpenPDF\openpdf\target\openpdf-1.3.26.jar;C:\Users\runneradmin\.m2\repository\com\google\code\findbugs\jsr305\3.0.2\jsr305-3.0.2.jar;C:\Users\runneradmin\.m2\repository\org\jfree\jfreechart\1.5.3\jfreechart-1.5.3.jar;C:\Users\runneradmin\.m2\repository\org\jfree\jcommon\1.0.24\jcommon-1.0.24.jar;C:\Users\runneradmin\.m2\repository\jakarta\servlet\jakarta.servlet-api\5.0.0\jakarta.servlet-api-5.0.0.jar;C:\Users\runneradmin\.m2\repository\org\junit\jupiter\junit-jupiter-api\5.7.1\junit-jupiter-api-5.7.1.jar;C:\Users\runneradmin\.m2\repository\org\apiguardian\apiguardian-api\1.1.0\apiguardian-api-1.1.0.jar;C:\Users\runneradmin\.m2\repository\org\opentest4j\opentest4j\1.2.0\opentest4j-1.2.0.jar;C:\Users\runneradmin\.m2\repository\org\junit\platform\junit-platform-commons\1.7.1\junit-platform-commons-1.7.1.jar;C:\Users\runneradmin\.m2\repository\org\assertj\assertj-core\3.19.0\assertj-core-3.19.0.jar;"/>
    <property name="java.vm.vendor" value="Eclipse Adoptium"/>
    <property name="sun.arch.data.model" value="64"/>
    <property name="user.variant" value=""/>
    <property name="java.vendor.url" value="https://adoptium.net/"/>
    <property name="user.timezone" value="UTC"/>
    <property name="java.vm.specification.version" value="11"/>
    <property name="os.name" value="Windows Server 2016"/>
    <property name="sun.java.launcher" value="SUN_STANDARD"/>
    <property name="user.country" value="US"/>
    <property name="sun.boot.library.path" value="C:\hostedtoolcache\windows\Java_Temurin-Hotspot_jdk\11.0.14-9\x64\bin"/>
    <property name="sun.java.command" value="C:\Users\RUNNER~1\AppData\Local\Temp\surefire17608810660630456356\surefirebooter17545091710559133045.jar C:\Users\runneradmin\AppData\Local\Temp\surefire17608810660630456356 2022-02-15T16-01-06_286-jvmRun1 surefire2022395432354194020tmp surefire_1169669725846064003tmp"/>
    <property name="jdk.debug" value="release"/>
    <property name="surefire.test.class.path" value="D:\a\OpenPDF\OpenPDF\pdf-toolbox\target\test-classes;D:\a\OpenPDF\OpenPDF\pdf-toolbox\target\classes;D:\a\OpenPDF\OpenPDF\openpdf\target\openpdf-1.3.26.jar;C:\Users\runneradmin\.m2\repository\com\google\code\findbugs\jsr305\3.0.2\jsr305-3.0.2.jar;C:\Users\runneradmin\.m2\repository\org\jfree\jfreechart\1.5.3\jfreechart-1.5.3.jar;C:\Users\runneradmin\.m2\repository\org\jfree\jcommon\1.0.24\jcommon-1.0.24.jar;C:\Users\runneradmin\.m2\repository\jakarta\servlet\jakarta.servlet-api\5.0.0\jakarta.servlet-api-5.0.0.jar;C:\Users\runneradmin\.m2\repository\org\junit\jupiter\junit-jupiter-api\5.7.1\junit-jupiter-api-5.7.1.jar;C:\Users\runneradmin\.m2\repository\org\apiguardian\apiguardian-api\1.1.0\apiguardian-api-1.1.0.jar;C:\Users\runneradmin\.m2\repository\org\opentest4j\opentest4j\1.2.0\opentest4j-1.2.0.jar;C:\Users\runneradmin\.m2\repository\org\junit\platform\junit-platform-commons\1.7.1\junit-platform-commons-1.7.1.jar;C:\Users\runneradmin\.m2\repository\org\assertj\assertj-core\3.19.0\assertj-core-3.19.0.jar;"/>
    <property name="sun.cpu.endian" value="little"/>
    <property name="user.home" value="C:\Users\runneradmin"/>
    <property name="user.language" value="en"/>
    <property name="java.specification.vendor" value="Oracle Corporation"/>
    <property name="java.version.date" value="2022-01-18"/>
    <property name="java.home" value="C:\hostedtoolcache\windows\Java_Temurin-Hotspot_jdk\11.0.14-9\x64"/>
    <property name="file.separator" value="\"/>
    <property name="basedir" value="D:\a\OpenPDF\OpenPDF\pdf-toolbox"/>
    <property name="java.vm.compressedOopsMode" value="32-bit"/>
    <property name="line.separator" value="&#10;"/>
    <property name="java.specification.name" value="Java Platform API Specification"/>
    <property name="java.vm.specification.vendor" value="Oracle Corporation"/>
    <property name="java.awt.graphicsenv" value="sun.awt.Win32GraphicsEnvironment"/>
    <property name="surefire.real.class.path" value="C:\Users\RUNNER~1\AppData\Local\Temp\surefire17608810660630456356\surefirebooter17545091710559133045.jar"/>
    <property name="user.script" value=""/>
    <property name="sun.management.compiler" value="HotSpot 64-Bit Tiered Compilers"/>
    <property name="java.runtime.version" value="11.0.14+9"/>
    <property name="user.name" value="runneradmin"/>
    <property name="path.separator" value=";"/>
    <property name="os.version" value="10.0"/>
    <property name="java.runtime.name" value="OpenJDK Runtime Environment"/>
    <property name="file.encoding" value="Cp1252"/>
    <property name="java.vm.name" value="OpenJDK 64-Bit Server VM"/>
    <property name="java.vendor.version" value="Temurin-11.0.14+9"/>
    <property name="localRepository" value="C:\Users\runneradmin\.m2\repository"/>
    <property name="java.vendor.url.bug" value="https://github.com/adoptium/adoptium-support/issues"/>
    <property name="java.io.tmpdir" value="C:\Users\RUNNER~1\AppData\Local\Temp\"/>
    <property name="java.version" value="11.0.14"/>
    <property name="user.dir" value="D:\a\OpenPDF\OpenPDF\pdf-toolbox"/>
    <property name="os.arch" value="amd64"/>
    <property name="java.vm.specification.name" value="Java Virtual Machine Specification"/>
    <property name="java.awt.printerjob" value="sun.awt.windows.WPrinterJob"/>
    <property name="sun.os.patch.level" value=""/>
    <property name="java.library.path" value="C:\hostedtoolcache\windows\Java_Temurin-Hotspot_jdk\11.0.14-9\x64\bin;C:\Windows\Sun\Java\bin;C:\Windows\system32;C:\Windows;C:\Program Files\PowerShell\7;C:\hostedtoolcache\windows\Java_Temurin-Hotspot_jdk\11.0.14-9\x64\bin;C:\Program Files\MongoDB\Server\5.0\bin;C:\vcpkg;C:\cf-cli;C:\Program Files (x86)\NSIS\;C:\tools\zstd;C:\Program Files\Mercurial\;C:\hostedtoolcache\windows\stack\2.7.3\x64;C:\cabal\bin;C:\\ghcup\bin;C:\tools\ghc-9.2.1\bin;C:\Program Files\dotnet;C:\mysql\bin;C:\Program Files\R\R-4.1.2\bin\x64;C:\SeleniumWebDrivers\GeckoDriver;C:\Program Files (x86)\GitHub CLI;C:\Program Files\Git\bin;C:\Program Files (x86)\sbt\bin;C:\Program Files (x86)\pipx_bin;C:\hostedtoolcache\windows\go\1.15.15\x64\bin;C:\hostedtoolcache\windows\Python\3.7.9\x64\Scripts;C:\hostedtoolcache\windows\Python\3.7.9\x64;C:\hostedtoolcache\windows\Ruby\2.5.9\x64\bin;C:\tools\kotlinc\bin;C:\hostedtoolcache\windows\Java_Temurin-Hotspot_jdk\8.0.322-6\x64\bin;C:\aliyun-cli;C:\npm\prefix;C:\Program Files (x86)\Microsoft SDKs\Azure\CLI2\wbin;C:\ProgramData\kind;C:\Program Files\Microsoft MPI\Bin\;C:\Windows\system32;C:\Windows;C:\Windows\System32\Wbem;C:\Windows\System32\WindowsPowerShell\v1.0\;C:\ProgramData\Chocolatey\bin;C:\Program Files\Docker;C:\Program Files\PowerShell\7\;C:\Program Files\Microsoft\Web Platform Installer\;C:\Program Files\dotnet\;C:\Program Files\Microsoft SQL Server\130\Tools\Binn\;C:\Program Files (x86)\Microsoft SQL Server\110\DTS\Binn\;C:\Program Files (x86)\Microsoft SQL Server\120\DTS\Binn\;C:\Program Files (x86)\Microsoft SQL Server\130\DTS\Binn\;C:\Program Files (x86)\Microsoft SQL Server\140\DTS\Binn\;C:\Program Files (x86)\Microsoft SQL Server\150\DTS\Binn\;C:\Program Files\Microsoft Service Fabric\bin\Fabric\Fabric.Code;C:\Program Files\Microsoft SDKs\Service Fabric\Tools\ServiceFabricLocalClusterManager;C:\Program Files (x86)\Windows Kits\10\Windows Performance Toolkit\;C:\Program Files\nodejs\;C:\Program Files\OpenSSL\bin;C:\Strawberry\c\bin;C:\Strawberry\perl\site\bin;C:\Strawberry\perl\bin;C:\ProgramData\chocolatey\lib\pulumi\tools\Pulumi\bin;C:\Program Files\TortoiseSVN\bin;C:\Program Files\CMake\bin;C:\ProgramData\chocolatey\lib\maven\apache-maven-3.8.4\bin;C:\Program Files (x86)\sbt\bin;C:\Program Files\Git\cmd;C:\Program Files\Git\mingw64\bin;C:\Program Files\Git\usr\bin;c:\tools\php;C:\SeleniumWebDrivers\ChromeDriver\;C:\SeleniumWebDrivers\EdgeDriver\;C:\Program Files\LLVM\bin;C:\Program Files\Amazon\AWSCLIV2\;C:\Program Files\Amazon\SessionManagerPlugin\bin\;C:\Program Files\Amazon\AWSSAMCLI\bin\;C:\Program Files (x86)\Google\Cloud SDK\google-cloud-sdk\bin;C:\Users\runneradmin\.dotnet\tools;C:\Users\runneradmin\.cargo\bin;C:\Users\runneradmin\AppData\Local\Microsoft\WindowsApps;."/>
    <property name="java.vm.info" value="mixed mode"/>
    <property name="java.vendor" value="Eclipse Adoptium"/>
    <property name="java.vm.version" value="11.0.14+9"/>
    <property name="sun.io.unicode.encoding" value="UnicodeLittle"/>
    <property name="java.class.version" value="55.0"/>
  </properties>
</testsuite>